<?xml version="1.0" encoding="UTF-8"?>
<!-- Generated by org.testng.reporters.JUnitReportReporter -->
<testsuite skipped="0" hostname="DESKTOP-B8EO9IM" name="com.parameter.Login" tests="2" failures="0" timestamp="24 Sep 2022 07:24:59 GMT" time="0.016" errors="0">
  <testcase name="pass" time="0.014" classname="com.parameter.Login"/>
  <testcase name="user" time="0.002" classname="com.parameter.Login"/>
</testsuite> <!-- com.parameter.Login -->
