<?xml version="1.0" encoding="UTF-8"?>
<!-- Generated by org.testng.reporters.JUnitReportReporter -->
<testsuite skipped="0" hostname="DESKTOP-B8EO9IM" name="com.parallel.One" tests="2" failures="0" timestamp="07 Sep 2022 04:52:54 GMT" time="0.030" errors="0">
  <testcase name="test2" time="0.015" classname="com.parallel.One"/>
  <testcase name="test1" time="0.015" classname="com.parallel.One"/>
</testsuite> <!-- com.parallel.One -->
