<?xml version="1.0" encoding="UTF-8"?>
<!-- Generated by org.testng.reporters.JUnitReportReporter -->
<testsuite skipped="0" hostname="DESKTOP-B8EO9IM" name="org.tb.Task1" tests="6" failures="0" timestamp="27 Aug 2022 11:51:19 GMT" time="0.068" errors="0">
  <testcase name="test1" time="0.042" classname="org.tb.Task1"/>
  <testcase name="test2" time="0.005" classname="org.tb.Task1"/>
  <testcase name="btest5" time="0.006" classname="org.tb.Task1"/>
  <testcase name="test3" time="0.004" classname="org.tb.Task1"/>
  <testcase name="btest6" time="0.009" classname="org.tb.Task1"/>
  <testcase name="test4" time="0.002" classname="org.tb.Task1"/>
</testsuite> <!-- org.tb.Task1 -->
