<?xml version="1.0" encoding="UTF-8"?>
<!-- Generated by org.testng.reporters.JUnitReportReporter -->
<testsuite skipped="0" hostname="DESKTOP-B8EO9IM" name="runMutilple.Java" tests="1" failures="0" timestamp="07 Sep 2022 04:44:29 GMT" time="0.000" errors="0">
  <testcase name="m1" time="0.000" classname="runMutilple.Java"/>
</testsuite> <!-- runMutilple.Java -->
