<?xml version="1.0" encoding="UTF-8"?>
<!-- Generated by org.testng.reporters.JUnitReportReporter -->
<testsuite skipped="0" hostname="DESKTOP-B8EO9IM" name="org.tb.Class2" tests="2" failures="0" timestamp="28 Aug 2022 07:52:11 GMT" time="0.000" errors="0">
  <testcase name="firstName" time="0.000" classname="org.tb.Class2"/>
  <testcase name="lastName" time="0.000" classname="org.tb.Class2"/>
</testsuite> <!-- org.tb.Class2 -->
