<?xml version="1.0" encoding="UTF-8"?>
<!-- Generated by org.testng.reporters.JUnitReportReporter -->
<testsuite skipped="0" hostname="DESKTOP-B8EO9IM" name="org.tb1.AdactInIntegration" tests="1" failures="0" timestamp="12 Sep 2022 18:06:49 GMT" time="26.005" errors="0">
  <testcase name="bookHotel" time="26.005" classname="org.tb1.AdactInIntegration"/>
</testsuite> <!-- org.tb1.AdactInIntegration -->
