<?xml version="1.0" encoding="UTF-8"?>
<!-- Generated by org.testng.reporters.JUnitReportReporter -->
<testsuite skipped="0" hostname="DESKTOP-B8EO9IM" name="org.tb.Class1" tests="3" failures="0" timestamp="24 Sep 2022 07:24:22 GMT" time="0.019" errors="0">
  <testcase name="btnLogin" time="0.014" classname="org.tb.Class1"/>
  <testcase name="userName" time="0.003" classname="org.tb.Class1"/>
  <testcase name="password" time="0.002" classname="org.tb.Class1"/>
</testsuite> <!-- org.tb.Class1 -->
