<?xml version="1.0" encoding="UTF-8"?>
<!-- Generated by org.testng.reporters.JUnitReportReporter -->
<testsuite skipped="0" hostname="DESKTOP-B8EO9IM" name="com.parallel.Two" tests="2" failures="0" timestamp="07 Sep 2022 04:52:09 GMT" time="0.031" errors="0">
  <testcase name="test3" time="0.031" classname="com.parallel.Two"/>
  <testcase name="test4" time="0.000" classname="com.parallel.Two"/>
</testsuite> <!-- com.parallel.Two -->
