<?xml version="1.0" encoding="UTF-8"?>
<!-- Generated by org.testng.reporters.JUnitReportReporter -->
<testsuite skipped="0" hostname="DESKTOP-B8EO9IM" name="com.rerun.DataPro" tests="2" failures="0" timestamp="07 Sep 2022 04:12:36 GMT" time="0.014" errors="0">
  <testcase name="myTest" time="0.012" classname="com.rerun.DataPro"/>
  <testcase name="myTest" time="0.002" classname="com.rerun.DataPro"/>
</testsuite> <!-- com.rerun.DataPro -->
