<?xml version="1.0" encoding="UTF-8"?>
<!-- Generated by org.testng.reporters.JUnitReportReporter -->
<testsuite skipped="0" hostname="DESKTOP-B8EO9IM" name="com.cross.Login" tests="3" failures="0" timestamp="24 Sep 2022 07:07:06 GMT" time="51.041" errors="0">
  <testcase name="launch" time="10.270" classname="com.cross.Login"/>
  <testcase name="launch" time="21.990" classname="com.cross.Login"/>
  <testcase name="launch" time="18.781" classname="com.cross.Login"/>
</testsuite> <!-- com.cross.Login -->
